<?xml version="1.0" encoding="UTF-8"?>
<!-- Generated by org.testng.reporters.JUnitReportReporter -->
<testsuite hostname="LAPTOP-NC19AUDK" failures="0" tests="1" name="MavenAcademy.MavenAcademyProject.AppTest" time="0.013" errors="0" timestamp="2020-05-10T17:44:11 BST" skipped="0">
  <testcase classname="MavenAcademy.MavenAcademyProject.AppTest" name="shouldAnswerWithTrue" time="0.013"/>
  <system-out/>
</testsuite> <!-- MavenAcademy.MavenAcademyProject.AppTest -->
