<?xml version="1.0" encoding="UTF-8"?>
<!-- Generated by org.testng.reporters.JUnitReportReporter -->
<testsuite hostname="LAPTOP-NC19AUDK" failures="0" tests="2" name="MavenAcademy.MavenAcademyProject.HomePage" time="26.932" errors="0" timestamp="2020-05-10T22:59:00 BST" skipped="0">
  <testcase classname="MavenAcademy.MavenAcademyProject.HomePage" name="basePageNavigation" time="9.597"/>
  <system-out/>
  <testcase classname="MavenAcademy.MavenAcademyProject.HomePage" name="basePageNavigation" time="17.335"/>
  <system-out/>
</testsuite> <!-- MavenAcademy.MavenAcademyProject.HomePage -->
