<?xml version="1.0" encoding="UTF-8"?>
<!-- Generated by org.testng.reporters.JUnitReportReporter -->
<testsuite hostname="LAPTOP-NC19AUDK" failures="0" tests="1" name="MavenAcademy.MavenAcademyProject.ValidateBar" time="0.169" errors="0" timestamp="2020-05-10T23:02:00 BST" skipped="0">
  <testcase classname="MavenAcademy.MavenAcademyProject.ValidateBar" name="basePageNavigation" time="0.169"/>
  <system-out/>
</testsuite> <!-- MavenAcademy.MavenAcademyProject.ValidateBar -->
